

Processing Rails::InfoController#properties (for 192.168.82.149 at 2012-01-27 10:38:24) [GET]
  [4;36;1mSQL (17.4ms)[0m   [0;1m SELECT name
 FROM sqlite_master
 WHERE type = 'table' AND NOT name = 'sqlite_sequence'
[0m
Completed in 101ms (View: 2, DB: 17) | 200 OK [http://192.168.82.123/rails/info/properties]
  [4;36;1mSQL (0.1ms)[0m   [0;1mSET SQL_AUTO_IS_NULL=0[0m
  [4;35;1mSQL (0.2ms)[0m   [0mSHOW TABLES[0m
  [4;36;1mSQL (97.8ms)[0m   [0;1mCREATE TABLE `schema_migrations` (`version` varchar(255) NOT NULL) ENGINE=InnoDB[0m
  [4;35;1mSQL (0.3ms)[0m   [0mSHOW KEYS FROM `schema_migrations`[0m
  [4;36;1mSQL (234.8ms)[0m   [0;1mCREATE UNIQUE INDEX `unique_schema_migrations` ON `schema_migrations` (`version`)[0m
  [4;35;1mSQL (0.2ms)[0m   [0mSHOW TABLES[0m
  [4;36;1mSQL (0.2ms)[0m   [0;1mSELECT version FROM schema_migrations[0m
Migrating to CreateRequests (20120127105553)
  [4;35;1mSQL (97.9ms)[0m   [0mCREATE TABLE `requests` (`id` int(11) DEFAULT NULL auto_increment PRIMARY KEY, `created_at` datetime, `updated_at` datetime) ENGINE=InnoDB[0m
  [4;36;1mSQL (0.2ms)[0m   [0;1mINSERT INTO schema_migrations (version) VALUES ('20120127105553')[0m
Migrating to CreateUsers (20120127105621)
  [4;35;1mSQL (115.2ms)[0m   [0mCREATE TABLE `users` (`id` int(11) DEFAULT NULL auto_increment PRIMARY KEY, `created_at` datetime, `updated_at` datetime) ENGINE=InnoDB[0m
  [4;36;1mSQL (0.2ms)[0m   [0;1mINSERT INTO schema_migrations (version) VALUES ('20120127105621')[0m
Migrating to CreateMachines (20120127105737)
  [4;35;1mSQL (182.0ms)[0m   [0mCREATE TABLE `machines` (`id` int(11) DEFAULT NULL auto_increment PRIMARY KEY, `created_at` datetime, `updated_at` datetime) ENGINE=InnoDB[0m
  [4;36;1mSQL (0.2ms)[0m   [0;1mINSERT INTO schema_migrations (version) VALUES ('20120127105737')[0m
Migrating to Machines (20120127142505)
  [4;35;1mSQL (0.2ms)[0m   [0mINSERT INTO schema_migrations (version) VALUES ('20120127142505')[0m
Migrating to Users (20120127142521)
  [4;36;1mSQL (0.2ms)[0m   [0;1mINSERT INTO schema_migrations (version) VALUES ('20120127142521')[0m
Migrating to Requests (20120127142536)
  [4;35;1mSQL (0.2ms)[0m   [0mINSERT INTO schema_migrations (version) VALUES ('20120127142536')[0m
  [4;36;1mSQL (0.3ms)[0m   [0;1mSHOW TABLES[0m
  [4;35;1mSQL (0.1ms)[0m   [0mSELECT version FROM schema_migrations[0m
  [4;36;1mSQL (0.2ms)[0m   [0;1mSHOW TABLES[0m
  [4;35;1mSQL (0.4ms)[0m   [0mSHOW FIELDS FROM `machines`[0m
  [4;36;1mSQL (0.3ms)[0m   [0;1mdescribe `machines`[0m
  [4;35;1mSQL (0.2ms)[0m   [0mSHOW KEYS FROM `machines`[0m
  [4;36;1mSQL (0.4ms)[0m   [0;1mSHOW FIELDS FROM `requests`[0m
  [4;35;1mSQL (0.3ms)[0m   [0mdescribe `requests`[0m
  [4;36;1mSQL (0.2ms)[0m   [0;1mSHOW KEYS FROM `requests`[0m
  [4;35;1mSQL (0.4ms)[0m   [0mSHOW FIELDS FROM `users`[0m
  [4;36;1mSQL (0.3ms)[0m   [0;1mdescribe `users`[0m
  [4;35;1mSQL (0.2ms)[0m   [0mSHOW KEYS FROM `users`[0m
  [4;36;1mSQL (0.1ms)[0m   [0;1mSET SQL_AUTO_IS_NULL=0[0m
  [4;35;1mSQL (0.2ms)[0m   [0mSHOW TABLES[0m
  [4;36;1mSQL (0.2ms)[0m   [0;1mSELECT version FROM schema_migrations[0m
Migrating to CreateRequests (20120127105553)
Migrating to CreateUsers (20120127105621)
Migrating to CreateMachines (20120127105737)
Migrating to Machines (20120127142505)
Migrating to Users (20120127142521)
Migrating to Requests (20120127142536)
  [4;35;1mSQL (0.3ms)[0m   [0mSHOW TABLES[0m
  [4;36;1mSQL (0.1ms)[0m   [0;1mSELECT version FROM schema_migrations[0m
  [4;35;1mSQL (0.1ms)[0m   [0mSHOW TABLES[0m
  [4;36;1mSQL (0.3ms)[0m   [0;1mSHOW FIELDS FROM `machines`[0m
  [4;35;1mSQL (0.3ms)[0m   [0mdescribe `machines`[0m
  [4;36;1mSQL (0.2ms)[0m   [0;1mSHOW KEYS FROM `machines`[0m
  [4;35;1mSQL (0.3ms)[0m   [0mSHOW FIELDS FROM `requests`[0m
  [4;36;1mSQL (0.3ms)[0m   [0;1mdescribe `requests`[0m
  [4;35;1mSQL (0.2ms)[0m   [0mSHOW KEYS FROM `requests`[0m
  [4;36;1mSQL (0.3ms)[0m   [0;1mSHOW FIELDS FROM `users`[0m
  [4;35;1mSQL (0.3ms)[0m   [0mdescribe `users`[0m
  [4;36;1mSQL (0.1ms)[0m   [0;1mSHOW KEYS FROM `users`[0m
  [4;36;1mSQL (0.1ms)[0m   [0;1mSET SQL_AUTO_IS_NULL=0[0m
  [4;35;1mSQL (0.2ms)[0m   [0mSHOW TABLES[0m
  [4;36;1mSQL (0.2ms)[0m   [0;1mSELECT version FROM schema_migrations[0m
Migrating to CreateRequests (20120127105553)
Migrating to CreateUsers (20120127105621)
Migrating to CreateMachines (20120127105737)
Migrating to Machines (20120127142505)
Migrating to Users (20120127142521)
Migrating to Requests (20120127142536)
  [4;35;1mSQL (0.2ms)[0m   [0mSHOW TABLES[0m
  [4;36;1mSQL (0.1ms)[0m   [0;1mSELECT version FROM schema_migrations[0m
  [4;35;1mSQL (0.1ms)[0m   [0mSHOW TABLES[0m
  [4;36;1mSQL (0.3ms)[0m   [0;1mSHOW FIELDS FROM `machines`[0m
  [4;35;1mSQL (0.3ms)[0m   [0mdescribe `machines`[0m
  [4;36;1mSQL (0.2ms)[0m   [0;1mSHOW KEYS FROM `machines`[0m
  [4;35;1mSQL (0.3ms)[0m   [0mSHOW FIELDS FROM `requests`[0m
  [4;36;1mSQL (0.3ms)[0m   [0;1mdescribe `requests`[0m
  [4;35;1mSQL (0.1ms)[0m   [0mSHOW KEYS FROM `requests`[0m
  [4;36;1mSQL (0.3ms)[0m   [0;1mSHOW FIELDS FROM `users`[0m
  [4;35;1mSQL (0.3ms)[0m   [0mdescribe `users`[0m
  [4;36;1mSQL (0.1ms)[0m   [0;1mSHOW KEYS FROM `users`[0m
  [4;36;1mSQL (0.1ms)[0m   [0;1mSET SQL_AUTO_IS_NULL=0[0m
  [4;35;1mSQL (0.2ms)[0m   [0mSHOW TABLES[0m
  [4;36;1mMachine Load (0.0ms)[0m   [0;1mMysql::Error: Table 'requests_dev.machines' doesn't exist: SELECT * FROM `machines` [0m
  [4;36;1mSQL (0.1ms)[0m   [0;1mSET SQL_AUTO_IS_NULL=0[0m
  [4;35;1mSQL (0.3ms)[0m   [0mSHOW TABLES[0m
  [4;36;1mMachine Columns (0.4ms)[0m   [0;1mSHOW FIELDS FROM `machines`[0m
  [4;35;1mMachine Load (0.1ms)[0m   [0mSELECT * FROM `machines` [0m
  [4;36;1mMachine Load (0.2ms)[0m   [0;1mSELECT * FROM `machines` [0m
  [4;35;1mSQL (0.1ms)[0m   [0mBEGIN[0m
  [4;36;1mMachine Update (0.3ms)[0m   [0;1mUPDATE `machines` SET `updated_at` = '2012-02-06 18:27:00', `user` = 'free' WHERE `id` = 1[0m
  [4;35;1mSQL (12.0ms)[0m   [0mCOMMIT[0m
  [4;36;1mSQL (0.1ms)[0m   [0;1mBEGIN[0m
  [4;35;1mMachine Update (0.2ms)[0m   [0mUPDATE `machines` SET `updated_at` = '2012-02-06 18:27:00', `user` = 'free' WHERE `id` = 2[0m
  [4;36;1mSQL (40.1ms)[0m   [0;1mCOMMIT[0m
  [4;35;1mSQL (0.0ms)[0m   [0mBEGIN[0m
  [4;36;1mMachine Update (0.2ms)[0m   [0;1mUPDATE `machines` SET `updated_at` = '2012-02-06 18:27:00', `user` = 'free' WHERE `id` = 3[0m
  [4;35;1mSQL (15.7ms)[0m   [0mCOMMIT[0m
  [4;36;1mSQL (0.0ms)[0m   [0;1mBEGIN[0m
  [4;35;1mSQL (0.0ms)[0m   [0mCOMMIT[0m
  [4;36;1mSQL (0.0ms)[0m   [0;1mBEGIN[0m
  [4;35;1mSQL (0.0ms)[0m   [0mCOMMIT[0m
  [4;36;1mSQL (0.0ms)[0m   [0;1mBEGIN[0m
  [4;35;1mSQL (0.0ms)[0m   [0mCOMMIT[0m
  [4;36;1mSQL (0.0ms)[0m   [0;1mBEGIN[0m
  [4;35;1mSQL (0.0ms)[0m   [0mCOMMIT[0m
  [4;36;1mSQL (0.0ms)[0m   [0;1mBEGIN[0m
  [4;35;1mSQL (0.0ms)[0m   [0mCOMMIT[0m
  [4;36;1mSQL (0.0ms)[0m   [0;1mBEGIN[0m
  [4;35;1mSQL (0.0ms)[0m   [0mCOMMIT[0m
  [4;36;1mSQL (0.0ms)[0m   [0;1mBEGIN[0m
  [4;35;1mSQL (0.0ms)[0m   [0mCOMMIT[0m
  [4;36;1mSQL (0.0ms)[0m   [0;1mBEGIN[0m
  [4;35;1mSQL (0.0ms)[0m   [0mCOMMIT[0m
  [4;36;1mSQL (0.0ms)[0m   [0;1mBEGIN[0m
  [4;35;1mSQL (0.0ms)[0m   [0mCOMMIT[0m
  [4;36;1mSQL (0.0ms)[0m   [0;1mBEGIN[0m
  [4;35;1mSQL (0.0ms)[0m   [0mCOMMIT[0m
  [4;36;1mSQL (0.0ms)[0m   [0;1mBEGIN[0m
  [4;35;1mSQL (0.0ms)[0m   [0mCOMMIT[0m
  [4;36;1mSQL (0.0ms)[0m   [0;1mBEGIN[0m
  [4;35;1mSQL (0.0ms)[0m   [0mCOMMIT[0m
  [4;36;1mSQL (0.0ms)[0m   [0;1mBEGIN[0m
  [4;35;1mSQL (0.0ms)[0m   [0mCOMMIT[0m
  [4;36;1mSQL (0.0ms)[0m   [0;1mBEGIN[0m
  [4;35;1mSQL (0.0ms)[0m   [0mCOMMIT[0m
  [4;36;1mSQL (0.0ms)[0m   [0;1mBEGIN[0m
  [4;35;1mSQL (0.1ms)[0m   [0mCOMMIT[0m
  [4;36;1mSQL (0.0ms)[0m   [0;1mBEGIN[0m
  [4;35;1mSQL (0.0ms)[0m   [0mCOMMIT[0m
  [4;36;1mSQL (0.0ms)[0m   [0;1mBEGIN[0m
  [4;35;1mSQL (0.1ms)[0m   [0mCOMMIT[0m
  [4;36;1mSQL (0.0ms)[0m   [0;1mBEGIN[0m
  [4;35;1mSQL (0.0ms)[0m   [0mCOMMIT[0m
  [4;36;1mSQL (0.0ms)[0m   [0;1mBEGIN[0m
  [4;35;1mSQL (0.0ms)[0m   [0mCOMMIT[0m
  [4;36;1mSQL (0.0ms)[0m   [0;1mBEGIN[0m
  [4;35;1mSQL (0.0ms)[0m   [0mCOMMIT[0m
  [4;36;1mSQL (0.0ms)[0m   [0;1mBEGIN[0m
  [4;35;1mSQL (0.0ms)[0m   [0mCOMMIT[0m
  [4;36;1mSQL (0.0ms)[0m   [0;1mBEGIN[0m
  [4;35;1mSQL (0.0ms)[0m   [0mCOMMIT[0m
  [4;36;1mSQL (0.0ms)[0m   [0;1mBEGIN[0m
  [4;35;1mSQL (0.0ms)[0m   [0mCOMMIT[0m
  [4;36;1mSQL (0.0ms)[0m   [0;1mBEGIN[0m
  [4;35;1mSQL (0.0ms)[0m   [0mCOMMIT[0m
  [4;36;1mSQL (0.0ms)[0m   [0;1mBEGIN[0m
  [4;35;1mSQL (0.0ms)[0m   [0mCOMMIT[0m
  [4;36;1mSQL (0.0ms)[0m   [0;1mBEGIN[0m
  [4;35;1mSQL (0.0ms)[0m   [0mCOMMIT[0m
  [4;36;1mSQL (0.0ms)[0m   [0;1mBEGIN[0m
  [4;35;1mSQL (0.0ms)[0m   [0mCOMMIT[0m
  [4;36;1mSQL (0.0ms)[0m   [0;1mBEGIN[0m
  [4;35;1mSQL (0.0ms)[0m   [0mCOMMIT[0m
  [4;36;1mSQL (0.0ms)[0m   [0;1mBEGIN[0m
  [4;35;1mSQL (0.0ms)[0m   [0mCOMMIT[0m
  [4;36;1mMachine Load (0.3ms)[0m   [0;1mSELECT * FROM `machines` [0m
  [4;36;1mSQL (0.1ms)[0m   [0;1mSET SQL_AUTO_IS_NULL=0[0m
  [4;35;1mMachine Load (0.1ms)[0m   [0mSELECT * FROM `machines` [0m
  [4;36;1mMachine Columns (0.5ms)[0m   [0;1mSHOW FIELDS FROM `machines`[0m
  [4;35;1mSQL (0.1ms)[0m   [0mBEGIN[0m
  [4;36;1mMachine Update (0.3ms)[0m   [0;1mUPDATE `machines` SET `updated_at` = '2012-02-06 18:29:19', `user` = 'free' WHERE `id` = 1[0m
  [4;35;1mSQL (28.2ms)[0m   [0mCOMMIT[0m
  [4;36;1mSQL (0.1ms)[0m   [0;1mBEGIN[0m
  [4;35;1mMachine Update (0.2ms)[0m   [0mUPDATE `machines` SET `updated_at` = '2012-02-06 18:29:19', `user` = 'free' WHERE `id` = 2[0m
  [4;36;1mSQL (38.0ms)[0m   [0;1mCOMMIT[0m
  [4;35;1mSQL (0.1ms)[0m   [0mBEGIN[0m
  [4;36;1mMachine Update (0.2ms)[0m   [0;1mUPDATE `machines` SET `updated_at` = '2012-02-06 18:29:19', `user` = 'free' WHERE `id` = 3[0m
  [4;35;1mSQL (40.1ms)[0m   [0mCOMMIT[0m
  [4;36;1mSQL (0.0ms)[0m   [0;1mBEGIN[0m
  [4;35;1mMachine Update (0.2ms)[0m   [0mUPDATE `machines` SET `updated_at` = '2012-02-06 18:29:19', `user` = 'free' WHERE `id` = 4[0m
  [4;36;1mSQL (15.8ms)[0m   [0;1mCOMMIT[0m
  [4;35;1mSQL (0.0ms)[0m   [0mBEGIN[0m
  [4;36;1mMachine Update (0.2ms)[0m   [0;1mUPDATE `machines` SET `updated_at` = '2012-02-06 18:29:19', `user` = 'free' WHERE `id` = 5[0m
  [4;35;1mSQL (15.7ms)[0m   [0mCOMMIT[0m
  [4;36;1mSQL (0.0ms)[0m   [0;1mBEGIN[0m
  [4;35;1mSQL (0.0ms)[0m   [0mCOMMIT[0m
  [4;36;1mSQL (0.0ms)[0m   [0;1mBEGIN[0m
  [4;35;1mSQL (0.0ms)[0m   [0mCOMMIT[0m
  [4;36;1mSQL (0.0ms)[0m   [0;1mBEGIN[0m
  [4;35;1mSQL (0.0ms)[0m   [0mCOMMIT[0m
  [4;36;1mSQL (0.0ms)[0m   [0;1mBEGIN[0m
  [4;35;1mSQL (0.0ms)[0m   [0mCOMMIT[0m
  [4;36;1mSQL (0.0ms)[0m   [0;1mBEGIN[0m
  [4;35;1mSQL (0.0ms)[0m   [0mCOMMIT[0m
  [4;36;1mSQL (0.0ms)[0m   [0;1mBEGIN[0m
  [4;35;1mSQL (0.0ms)[0m   [0mCOMMIT[0m
  [4;36;1mSQL (0.0ms)[0m   [0;1mBEGIN[0m
  [4;35;1mSQL (0.0ms)[0m   [0mCOMMIT[0m
  [4;36;1mSQL (0.0ms)[0m   [0;1mBEGIN[0m
  [4;35;1mSQL (0.0ms)[0m   [0mCOMMIT[0m
  [4;36;1mSQL (0.0ms)[0m   [0;1mBEGIN[0m
  [4;35;1mSQL (0.0ms)[0m   [0mCOMMIT[0m
  [4;36;1mSQL (0.0ms)[0m   [0;1mBEGIN[0m
  [4;35;1mSQL (0.0ms)[0m   [0mCOMMIT[0m
  [4;36;1mSQL (0.0ms)[0m   [0;1mBEGIN[0m
  [4;35;1mSQL (0.0ms)[0m   [0mCOMMIT[0m
  [4;36;1mSQL (0.0ms)[0m   [0;1mBEGIN[0m
  [4;35;1mSQL (0.0ms)[0m   [0mCOMMIT[0m
  [4;36;1mSQL (0.0ms)[0m   [0;1mBEGIN[0m
  [4;35;1mSQL (0.0ms)[0m   [0mCOMMIT[0m
  [4;36;1mSQL (0.0ms)[0m   [0;1mBEGIN[0m
  [4;35;1mSQL (0.0ms)[0m   [0mCOMMIT[0m
  [4;36;1mSQL (0.0ms)[0m   [0;1mBEGIN[0m
  [4;35;1mSQL (0.0ms)[0m   [0mCOMMIT[0m
  [4;36;1mSQL (0.0ms)[0m   [0;1mBEGIN[0m
  [4;35;1mSQL (0.0ms)[0m   [0mCOMMIT[0m
  [4;36;1mSQL (0.0ms)[0m   [0;1mBEGIN[0m
  [4;35;1mSQL (0.0ms)[0m   [0mCOMMIT[0m
  [4;36;1mSQL (0.0ms)[0m   [0;1mBEGIN[0m
  [4;35;1mSQL (0.0ms)[0m   [0mCOMMIT[0m
  [4;36;1mSQL (0.0ms)[0m   [0;1mBEGIN[0m
  [4;35;1mSQL (0.0ms)[0m   [0mCOMMIT[0m
  [4;36;1mSQL (0.0ms)[0m   [0;1mBEGIN[0m
  [4;35;1mSQL (0.0ms)[0m   [0mCOMMIT[0m
  [4;36;1mSQL (0.0ms)[0m   [0;1mBEGIN[0m
  [4;35;1mSQL (0.0ms)[0m   [0mCOMMIT[0m
  [4;36;1mSQL (0.0ms)[0m   [0;1mBEGIN[0m
  [4;35;1mSQL (0.0ms)[0m   [0mCOMMIT[0m
  [4;36;1mSQL (0.0ms)[0m   [0;1mBEGIN[0m
  [4;35;1mSQL (0.0ms)[0m   [0mCOMMIT[0m
  [4;36;1mSQL (0.0ms)[0m   [0;1mBEGIN[0m
  [4;35;1mSQL (0.0ms)[0m   [0mCOMMIT[0m
  [4;36;1mSQL (0.0ms)[0m   [0;1mBEGIN[0m
  [4;35;1mSQL (0.0ms)[0m   [0mCOMMIT[0m
  [4;36;1mSQL (0.0ms)[0m   [0;1mBEGIN[0m
  [4;35;1mSQL (0.0ms)[0m   [0mCOMMIT[0m
  [4;36;1mSQL (0.0ms)[0m   [0;1mBEGIN[0m
  [4;35;1mSQL (0.0ms)[0m   [0mCOMMIT[0m
  [4;36;1mSQL (0.1ms)[0m   [0;1mSET SQL_AUTO_IS_NULL=0[0m
  [4;35;1mMachine Load (0.1ms)[0m   [0mSELECT * FROM `machines` [0m
  [4;36;1mMachine Columns (0.6ms)[0m   [0;1mSHOW FIELDS FROM `machines`[0m
  [4;35;1mSQL (0.1ms)[0m   [0mBEGIN[0m
  [4;36;1mMachine Update (0.3ms)[0m   [0;1mUPDATE `machines` SET `updated_at` = '2012-02-06 18:43:19', `user` = 'free' WHERE `id` = 1[0m
  [4;35;1mSQL (30.8ms)[0m   [0mCOMMIT[0m
  [4;36;1mSQL (0.0ms)[0m   [0;1mBEGIN[0m
  [4;35;1mMachine Update (0.2ms)[0m   [0mUPDATE `machines` SET `updated_at` = '2012-02-06 18:43:19', `user` = 'free' WHERE `id` = 2[0m
  [4;36;1mSQL (15.7ms)[0m   [0;1mCOMMIT[0m
  [4;35;1mSQL (0.0ms)[0m   [0mBEGIN[0m
  [4;36;1mMachine Update (0.2ms)[0m   [0;1mUPDATE `machines` SET `updated_at` = '2012-02-06 18:43:19', `user` = 'free' WHERE `id` = 3[0m
  [4;35;1mSQL (15.7ms)[0m   [0mCOMMIT[0m
  [4;36;1mSQL (0.0ms)[0m   [0;1mBEGIN[0m
  [4;35;1mMachine Update (0.2ms)[0m   [0mUPDATE `machines` SET `updated_at` = '2012-02-06 18:43:19', `user` = 'free' WHERE `id` = 4[0m
  [4;36;1mSQL (15.8ms)[0m   [0;1mCOMMIT[0m
  [4;35;1mSQL (0.0ms)[0m   [0mBEGIN[0m
  [4;36;1mMachine Update (0.2ms)[0m   [0;1mUPDATE `machines` SET `updated_at` = '2012-02-06 18:43:19', `user` = 'free' WHERE `id` = 5[0m
  [4;35;1mSQL (15.6ms)[0m   [0mCOMMIT[0m
  [4;36;1mSQL (0.0ms)[0m   [0;1mBEGIN[0m
  [4;35;1mSQL (0.0ms)[0m   [0mCOMMIT[0m
  [4;36;1mSQL (0.0ms)[0m   [0;1mBEGIN[0m
  [4;35;1mSQL (0.0ms)[0m   [0mCOMMIT[0m
  [4;36;1mSQL (0.0ms)[0m   [0;1mBEGIN[0m
  [4;35;1mSQL (0.0ms)[0m   [0mCOMMIT[0m
  [4;36;1mSQL (0.0ms)[0m   [0;1mBEGIN[0m
  [4;35;1mSQL (0.0ms)[0m   [0mCOMMIT[0m
  [4;36;1mSQL (0.0ms)[0m   [0;1mBEGIN[0m
  [4;35;1mSQL (0.0ms)[0m   [0mCOMMIT[0m
  [4;36;1mSQL (0.0ms)[0m   [0;1mBEGIN[0m
  [4;35;1mSQL (0.0ms)[0m   [0mCOMMIT[0m
  [4;36;1mSQL (0.0ms)[0m   [0;1mBEGIN[0m
  [4;35;1mSQL (0.0ms)[0m   [0mCOMMIT[0m
  [4;36;1mSQL (0.0ms)[0m   [0;1mBEGIN[0m
  [4;35;1mSQL (0.0ms)[0m   [0mCOMMIT[0m
  [4;36;1mSQL (0.0ms)[0m   [0;1mBEGIN[0m
  [4;35;1mSQL (0.0ms)[0m   [0mCOMMIT[0m
  [4;36;1mSQL (0.0ms)[0m   [0;1mBEGIN[0m
  [4;35;1mSQL (0.0ms)[0m   [0mCOMMIT[0m
  [4;36;1mSQL (0.0ms)[0m   [0;1mBEGIN[0m
  [4;35;1mSQL (0.0ms)[0m   [0mCOMMIT[0m
  [4;36;1mSQL (0.0ms)[0m   [0;1mBEGIN[0m
  [4;35;1mSQL (0.0ms)[0m   [0mCOMMIT[0m
  [4;36;1mSQL (0.0ms)[0m   [0;1mBEGIN[0m
  [4;35;1mSQL (0.0ms)[0m   [0mCOMMIT[0m
  [4;36;1mSQL (0.0ms)[0m   [0;1mBEGIN[0m
  [4;35;1mSQL (0.0ms)[0m   [0mCOMMIT[0m
  [4;36;1mSQL (0.0ms)[0m   [0;1mBEGIN[0m
  [4;35;1mSQL (0.0ms)[0m   [0mCOMMIT[0m
  [4;36;1mSQL (0.0ms)[0m   [0;1mBEGIN[0m
  [4;35;1mSQL (0.0ms)[0m   [0mCOMMIT[0m
  [4;36;1mSQL (0.0ms)[0m   [0;1mBEGIN[0m
  [4;35;1mSQL (0.0ms)[0m   [0mCOMMIT[0m
  [4;36;1mSQL (0.0ms)[0m   [0;1mBEGIN[0m
  [4;35;1mSQL (0.0ms)[0m   [0mCOMMIT[0m
  [4;36;1mSQL (0.0ms)[0m   [0;1mBEGIN[0m
  [4;35;1mSQL (0.0ms)[0m   [0mCOMMIT[0m
  [4;36;1mSQL (0.0ms)[0m   [0;1mBEGIN[0m
  [4;35;1mSQL (0.0ms)[0m   [0mCOMMIT[0m
  [4;36;1mSQL (0.0ms)[0m   [0;1mBEGIN[0m
  [4;35;1mSQL (0.0ms)[0m   [0mCOMMIT[0m
  [4;36;1mSQL (0.0ms)[0m   [0;1mBEGIN[0m
  [4;35;1mSQL (0.0ms)[0m   [0mCOMMIT[0m
  [4;36;1mSQL (0.0ms)[0m   [0;1mBEGIN[0m
  [4;35;1mSQL (0.0ms)[0m   [0mCOMMIT[0m
  [4;36;1mSQL (0.0ms)[0m   [0;1mBEGIN[0m
  [4;35;1mSQL (0.0ms)[0m   [0mCOMMIT[0m
  [4;36;1mSQL (0.0ms)[0m   [0;1mBEGIN[0m
  [4;35;1mSQL (0.0ms)[0m   [0mCOMMIT[0m
  [4;36;1mSQL (0.0ms)[0m   [0;1mBEGIN[0m
  [4;35;1mSQL (0.0ms)[0m   [0mCOMMIT[0m
  [4;36;1mSQL (0.0ms)[0m   [0;1mBEGIN[0m
  [4;35;1mSQL (0.0ms)[0m   [0mCOMMIT[0m
  [4;36;1mSQL (0.1ms)[0m   [0;1mSET SQL_AUTO_IS_NULL=0[0m
  [4;35;1mMachine Columns (0.6ms)[0m   [0mSHOW FIELDS FROM `machines`[0m
  [4;36;1mMachine Load (0.3ms)[0m   [0;1mSELECT * FROM `machines` WHERE (`machines`.`id` = 4) [0m
  [4;35;1mMachine Load (0.1ms)[0m   [0mSELECT * FROM `machines` WHERE (`machines`.`id` = 4) [0m
  [4;36;1mMachine Load (0.1ms)[0m   [0;1mSELECT * FROM `machines` WHERE (`machines`.`id` = 4) [0m
  [4;35;1mMachine Load (0.1ms)[0m   [0mSELECT * FROM `machines` WHERE (`machines`.`id` = 4) [0m
  [4;36;1mSQL (0.1ms)[0m   [0;1mBEGIN[0m
  [4;35;1mMachine Update (0.3ms)[0m   [0mUPDATE `machines` SET `updated_at` = '2012-02-07 18:27:03', `user` = 'free' WHERE `id` = 4[0m
  [4;36;1mSQL (38.5ms)[0m   [0;1mCOMMIT[0m
  [4;35;1mMachine Load (0.3ms)[0m   [0mSELECT * FROM `machines` WHERE (`machines`.`id` = 1) [0m
  [4;36;1mSQL (0.1ms)[0m   [0;1mBEGIN[0m
  [4;35;1mMachine Update (0.3ms)[0m   [0mUPDATE `machines` SET `updated_at` = '2012-02-07 18:27:34', `user` = 'LBB' WHERE `id` = 1[0m
  [4;36;1mSQL (22.9ms)[0m   [0;1mCOMMIT[0m
  [4;36;1mSQL (2.5ms)[0m   [0;1m SELECT name
 FROM sqlite_master
 WHERE type = 'table' AND NOT name = 'sqlite_sequence'
[0m
  [4;35;1mSQL (0.1ms)[0m   [0mselect sqlite_version(*)[0m
  [4;36;1mSQL (139.8ms)[0m   [0;1mCREATE TABLE "schema_migrations" ("version" varchar(255) NOT NULL) [0m
  [4;35;1mSQL (0.1ms)[0m   [0mPRAGMA index_list("schema_migrations")[0m
  [4;36;1mSQL (93.5ms)[0m   [0;1mCREATE UNIQUE INDEX "unique_schema_migrations" ON "schema_migrations" ("version")[0m
  [4;35;1mSQL (0.1ms)[0m   [0m SELECT name
 FROM sqlite_master
 WHERE type = 'table' AND NOT name = 'sqlite_sequence'
[0m
  [4;36;1mSQL (0.1ms)[0m   [0;1mSELECT version FROM schema_migrations[0m
  [4;35;1mSQL (0.2ms)[0m   [0m SELECT name
 FROM sqlite_master
 WHERE type = 'table' AND NOT name = 'sqlite_sequence'
[0m
  [4;36;1mSQL (0.1ms)[0m   [0;1mSELECT version FROM schema_migrations[0m
  [4;35;1mSQL (0.1ms)[0m   [0m SELECT name
 FROM sqlite_master
 WHERE type = 'table' AND NOT name = 'sqlite_sequence'
[0m
  [4;36;1mSQL (0.1ms)[0m   [0;1m SELECT name
 FROM sqlite_master
 WHERE type = 'table' AND NOT name = 'sqlite_sequence'
[0m
  [4;35;1mSQL (0.1ms)[0m   [0mSELECT version FROM schema_migrations[0m
Migrating to CreateRequests (20120127105553)
  [4;36;1mSQL (0.5ms)[0m   [0;1mCREATE TABLE "requests" ("id" INTEGER PRIMARY KEY AUTOINCREMENT NOT NULL, "created_at" datetime, "updated_at" datetime) [0m
  [4;35;1mSQL (0.1ms)[0m   [0mINSERT INTO schema_migrations (version) VALUES ('20120127105553')[0m
Migrating to CreateUsers (20120127105621)
  [4;36;1mSQL (0.4ms)[0m   [0;1mCREATE TABLE "users" ("id" INTEGER PRIMARY KEY AUTOINCREMENT NOT NULL, "created_at" datetime, "updated_at" datetime) [0m
  [4;35;1mSQL (0.1ms)[0m   [0mINSERT INTO schema_migrations (version) VALUES ('20120127105621')[0m
Migrating to CreateMachines (20120127105737)
  [4;36;1mSQL (0.4ms)[0m   [0;1mCREATE TABLE "machines" ("id" INTEGER PRIMARY KEY AUTOINCREMENT NOT NULL, "user" varchar(255) DEFAULT 'free' NOT NULL, "domain" varchar(255), "created_at" datetime, "updated_at" datetime) [0m
  [4;35;1mSQL (0.1ms)[0m   [0mINSERT INTO schema_migrations (version) VALUES ('20120127105737')[0m
Migrating to Machines (20120127142505)
  [4;36;1mSQL (0.3ms)[0m   [0;1mINSERT INTO schema_migrations (version) VALUES ('20120127142505')[0m
Migrating to Users (20120127142521)
  [4;35;1mSQL (0.2ms)[0m   [0mINSERT INTO schema_migrations (version) VALUES ('20120127142521')[0m
Migrating to Requests (20120127142536)
  [4;36;1mSQL (0.2ms)[0m   [0;1mINSERT INTO schema_migrations (version) VALUES ('20120127142536')[0m
  [4;35;1mSQL (0.2ms)[0m   [0m SELECT name
 FROM sqlite_master
 WHERE type = 'table' AND NOT name = 'sqlite_sequence'
[0m
  [4;36;1mSQL (0.2ms)[0m   [0;1mSELECT version FROM schema_migrations[0m
  [4;35;1mSQL (0.2ms)[0m   [0m SELECT name
 FROM sqlite_master
 WHERE type = 'table' AND NOT name = 'sqlite_sequence'
[0m
  [4;36;1mSQL (0.1ms)[0m   [0;1mPRAGMA index_list("machines")[0m
  [4;35;1mSQL (0.1ms)[0m   [0mPRAGMA index_list("requests")[0m
  [4;36;1mSQL (0.0ms)[0m   [0;1mPRAGMA index_list("users")[0m
  [4;36;1mSQL (0.2ms)[0m   [0;1mselect sqlite_version(*)[0m
  [4;35;1mSQL (0.2ms)[0m   [0m SELECT name
 FROM sqlite_master
 WHERE type = 'table' AND NOT name = 'sqlite_sequence'
[0m
  [4;36;1mSQL (115.9ms)[0m   [0;1mCREATE TABLE "machines" ("id" INTEGER PRIMARY KEY AUTOINCREMENT NOT NULL, "user" varchar(255) DEFAULT 'free' NOT NULL, "domain" varchar(255), "created_at" datetime, "updated_at" datetime) [0m
  [4;35;1mSQL (0.2ms)[0m   [0m SELECT name
 FROM sqlite_master
 WHERE type = 'table' AND NOT name = 'sqlite_sequence'
[0m
  [4;36;1mSQL (84.5ms)[0m   [0;1mCREATE TABLE "requests" ("id" INTEGER PRIMARY KEY AUTOINCREMENT NOT NULL, "created_at" datetime, "updated_at" datetime) [0m
  [4;35;1mSQL (0.3ms)[0m   [0m SELECT name
 FROM sqlite_master
 WHERE type = 'table' AND NOT name = 'sqlite_sequence'
[0m
  [4;36;1mSQL (123.2ms)[0m   [0;1mCREATE TABLE "users" ("id" INTEGER PRIMARY KEY AUTOINCREMENT NOT NULL, "created_at" datetime, "updated_at" datetime) [0m
  [4;35;1mSQL (0.2ms)[0m   [0m SELECT name
 FROM sqlite_master
 WHERE type = 'table' AND NOT name = 'sqlite_sequence'
[0m
  [4;36;1mSQL (90.9ms)[0m   [0;1mCREATE TABLE "schema_migrations" ("version" varchar(255) NOT NULL) [0m
  [4;35;1mSQL (0.1ms)[0m   [0mPRAGMA index_list("schema_migrations")[0m
  [4;36;1mSQL (91.0ms)[0m   [0;1mCREATE UNIQUE INDEX "unique_schema_migrations" ON "schema_migrations" ("version")[0m
  [4;35;1mSQL (0.2ms)[0m   [0m SELECT name
 FROM sqlite_master
 WHERE type = 'table' AND NOT name = 'sqlite_sequence'
[0m
  [4;36;1mSQL (0.1ms)[0m   [0;1mSELECT version FROM "schema_migrations"[0m
  [4;35;1mSQL (90.4ms)[0m   [0mINSERT INTO "schema_migrations" (version) VALUES ('20120127142536')[0m
  [4;36;1mSQL (91.4ms)[0m   [0;1mINSERT INTO "schema_migrations" (version) VALUES ('20120127105553')[0m
  [4;35;1mSQL (83.1ms)[0m   [0mINSERT INTO "schema_migrations" (version) VALUES ('20120127105737')[0m
  [4;36;1mSQL (83.1ms)[0m   [0;1mINSERT INTO "schema_migrations" (version) VALUES ('20120127142521')[0m
  [4;35;1mSQL (91.4ms)[0m   [0mINSERT INTO "schema_migrations" (version) VALUES ('20120127105621')[0m
  [4;36;1mSQL (91.4ms)[0m   [0;1mINSERT INTO "schema_migrations" (version) VALUES ('20120127142505')[0m
  [4;36;1mSQL (0.5ms)[0m   [0;1m SELECT name
 FROM sqlite_master
 WHERE type = 'table' AND NOT name = 'sqlite_sequence'
[0m
  [4;35;1mSQL (0.2ms)[0m   [0mSELECT version FROM schema_migrations[0m
Migrating to CreateRequests (20120127105553)
Migrating to CreateUsers (20120127105621)
Migrating to CreateMachines (20120127105737)
Migrating to Machines (20120127142505)
Migrating to Users (20120127142521)
Migrating to Requests (20120127142536)
  [4;36;1mSQL (0.1ms)[0m   [0;1mselect sqlite_version(*)[0m
  [4;35;1mSQL (0.2ms)[0m   [0m SELECT name
 FROM sqlite_master
 WHERE type = 'table' AND NOT name = 'sqlite_sequence'
[0m
  [4;36;1mSQL (0.1ms)[0m   [0;1mSELECT version FROM schema_migrations[0m
  [4;35;1mSQL (0.1ms)[0m   [0m SELECT name
 FROM sqlite_master
 WHERE type = 'table' AND NOT name = 'sqlite_sequence'
[0m
  [4;36;1mSQL (0.0ms)[0m   [0;1mPRAGMA index_list("machines")[0m
  [4;35;1mSQL (0.0ms)[0m   [0mPRAGMA index_list("requests")[0m
  [4;36;1mSQL (0.0ms)[0m   [0;1mPRAGMA index_list("users")[0m
/!\ FAILSAFE /!\  Tue Mar 13 17:04:43 +0000 2012
  Status: 500 Internal Server Error
  no such file to load -- sqlite3
    /usr/lib/ruby/vendor_ruby/1.8/rubygems/custom_require.rb:36:in `gem_original_require'
    /usr/lib/ruby/vendor_ruby/1.8/rubygems/custom_require.rb:36:in `require'
    /usr/lib/ruby/vendor_ruby/active_support/dependencies.rb:182:in `require'
    /usr/lib/ruby/vendor_ruby/active_support/dependencies.rb:547:in `new_constants_in'
    /usr/lib/ruby/vendor_ruby/active_support/dependencies.rb:182:in `require'
    /usr/lib/ruby/vendor_ruby/active_support/core_ext/kernel/requires.rb:7:in `require_library_or_gem'
    /usr/lib/ruby/vendor_ruby/active_support/core_ext/kernel/reporting.rb:11:in `silence_warnings'
    /usr/lib/ruby/vendor_ruby/active_support/core_ext/kernel/requires.rb:5:in `require_library_or_gem'
    /usr/lib/ruby/vendor_ruby/active_record/connection_adapters/sqlite3_adapter.rb:10:in `sqlite3_connection'
    /usr/lib/ruby/vendor_ruby/active_record/connection_adapters/abstract/connection_pool.rb:223:in `send'
    /usr/lib/ruby/vendor_ruby/active_record/connection_adapters/abstract/connection_pool.rb:223:in `new_connection'
    /usr/lib/ruby/vendor_ruby/active_record/connection_adapters/abstract/connection_pool.rb:245:in `checkout_new_connection'
    /usr/lib/ruby/vendor_ruby/active_record/connection_adapters/abstract/connection_pool.rb:188:in `checkout'
    /usr/lib/ruby/vendor_ruby/active_record/connection_adapters/abstract/connection_pool.rb:184:in `loop'
    /usr/lib/ruby/vendor_ruby/active_record/connection_adapters/abstract/connection_pool.rb:184:in `checkout'
    /usr/lib/ruby/1.8/monitor.rb:242:in `synchronize'
    /usr/lib/ruby/vendor_ruby/active_record/connection_adapters/abstract/connection_pool.rb:183:in `checkout'
    /usr/lib/ruby/vendor_ruby/active_record/connection_adapters/abstract/connection_pool.rb:98:in `connection'
    /usr/lib/ruby/vendor_ruby/active_record/connection_adapters/abstract/connection_pool.rb:326:in `retrieve_connection'
    /usr/lib/ruby/vendor_ruby/active_record/connection_adapters/abstract/connection_specification.rb:117:in `retrieve_connection'
    /usr/lib/ruby/vendor_ruby/active_record/connection_adapters/abstract/connection_specification.rb:109:in `connection'
    /usr/lib/ruby/vendor_ruby/active_record/query_cache.rb:9:in `cache'
    /usr/lib/ruby/vendor_ruby/active_record/query_cache.rb:28:in `call'
    /usr/lib/ruby/vendor_ruby/active_record/connection_adapters/abstract/connection_pool.rb:361:in `call'
    /usr/lib/ruby/vendor_ruby/action_controller/string_coercion.rb:25:in `call'
    /usr/lib/ruby/1.8/rack/head.rb:9:in `call'
    /usr/lib/ruby/1.8/rack/methodoverride.rb:24:in `call'
    /usr/lib/ruby/vendor_ruby/action_controller/params_parser.rb:15:in `call'
    /usr/lib/ruby/vendor_ruby/action_controller/session/cookie_store.rb:99:in `call'
    /usr/lib/ruby/vendor_ruby/action_controller/failsafe.rb:26:in `call'
    /usr/lib/ruby/1.8/rack/lock.rb:11:in `call'
    /usr/lib/ruby/1.8/rack/lock.rb:11:in `synchronize'
    /usr/lib/ruby/1.8/rack/lock.rb:11:in `call'
    /usr/lib/ruby/vendor_ruby/action_controller/dispatcher.rb:114:in `call'
    /usr/lib/ruby/vendor_ruby/action_controller/reloader.rb:34:in `run'
    /usr/lib/ruby/vendor_ruby/action_controller/dispatcher.rb:108:in `call'
    /usr/lib/ruby/vendor_ruby/rails/rack/static.rb:31:in `call'
    /usr/lib/ruby/1.8/rack/urlmap.rb:47:in `call'
    /usr/lib/ruby/1.8/rack/urlmap.rb:41:in `each'
    /usr/lib/ruby/1.8/rack/urlmap.rb:41:in `call'
    /usr/lib/ruby/vendor_ruby/rails/rack/log_tailer.rb:17:in `call'
    /usr/lib/ruby/1.8/rack/content_length.rb:13:in `call'
    /usr/lib/ruby/1.8/rack/handler/webrick.rb:48:in `service'
    /usr/lib/ruby/1.8/webrick/httpserver.rb:104:in `service'
    /usr/lib/ruby/1.8/webrick/httpserver.rb:65:in `run'
    /usr/lib/ruby/1.8/webrick/server.rb:173:in `start_thread'
    /usr/lib/ruby/1.8/webrick/server.rb:162:in `start'
    /usr/lib/ruby/1.8/webrick/server.rb:162:in `start_thread'
    /usr/lib/ruby/1.8/webrick/server.rb:95:in `start'
    /usr/lib/ruby/1.8/webrick/server.rb:92:in `each'
    /usr/lib/ruby/1.8/webrick/server.rb:92:in `start'
    /usr/lib/ruby/1.8/webrick/server.rb:23:in `start'
    /usr/lib/ruby/1.8/webrick/server.rb:82:in `start'
    /usr/lib/ruby/1.8/rack/handler/webrick.rb:14:in `run'
    /var/www/Cloudinha-Lock-Manager/vendor/rails/railties/lib/commands/server.rb:111
    /usr/lib/ruby/vendor_ruby/1.8/rubygems/custom_require.rb:36:in `gem_original_require'
    /usr/lib/ruby/vendor_ruby/1.8/rubygems/custom_require.rb:36:in `require'
    ./script/server:3
/!\ FAILSAFE /!\  Tue Mar 13 17:04:47 +0000 2012
  Status: 500 Internal Server Error
  no such file to load -- sqlite3
    /usr/lib/ruby/vendor_ruby/1.8/rubygems/custom_require.rb:36:in `gem_original_require'
    /usr/lib/ruby/vendor_ruby/1.8/rubygems/custom_require.rb:36:in `require'
    /usr/lib/ruby/vendor_ruby/active_support/dependencies.rb:182:in `require'
    /usr/lib/ruby/vendor_ruby/active_support/dependencies.rb:547:in `new_constants_in'
    /usr/lib/ruby/vendor_ruby/active_support/dependencies.rb:182:in `require'
    /usr/lib/ruby/vendor_ruby/active_support/core_ext/kernel/requires.rb:7:in `require_library_or_gem'
    /usr/lib/ruby/vendor_ruby/active_support/core_ext/kernel/reporting.rb:11:in `silence_warnings'
    /usr/lib/ruby/vendor_ruby/active_support/core_ext/kernel/requires.rb:5:in `require_library_or_gem'
    /usr/lib/ruby/vendor_ruby/active_record/connection_adapters/sqlite3_adapter.rb:10:in `sqlite3_connection'
    /usr/lib/ruby/vendor_ruby/active_record/connection_adapters/abstract/connection_pool.rb:223:in `send'
    /usr/lib/ruby/vendor_ruby/active_record/connection_adapters/abstract/connection_pool.rb:223:in `new_connection'
    /usr/lib/ruby/vendor_ruby/active_record/connection_adapters/abstract/connection_pool.rb:245:in `checkout_new_connection'
    /usr/lib/ruby/vendor_ruby/active_record/connection_adapters/abstract/connection_pool.rb:188:in `checkout'
    /usr/lib/ruby/vendor_ruby/active_record/connection_adapters/abstract/connection_pool.rb:184:in `loop'
    /usr/lib/ruby/vendor_ruby/active_record/connection_adapters/abstract/connection_pool.rb:184:in `checkout'
    /usr/lib/ruby/1.8/monitor.rb:242:in `synchronize'
    /usr/lib/ruby/vendor_ruby/active_record/connection_adapters/abstract/connection_pool.rb:183:in `checkout'
    /usr/lib/ruby/vendor_ruby/active_record/connection_adapters/abstract/connection_pool.rb:98:in `connection'
    /usr/lib/ruby/vendor_ruby/active_record/connection_adapters/abstract/connection_pool.rb:326:in `retrieve_connection'
    /usr/lib/ruby/vendor_ruby/active_record/connection_adapters/abstract/connection_specification.rb:117:in `retrieve_connection'
    /usr/lib/ruby/vendor_ruby/active_record/connection_adapters/abstract/connection_specification.rb:109:in `connection'
    /usr/lib/ruby/vendor_ruby/active_record/query_cache.rb:9:in `cache'
    /usr/lib/ruby/vendor_ruby/active_record/query_cache.rb:28:in `call'
    /usr/lib/ruby/vendor_ruby/active_record/connection_adapters/abstract/connection_pool.rb:361:in `call'
    /usr/lib/ruby/vendor_ruby/action_controller/string_coercion.rb:25:in `call'
    /usr/lib/ruby/1.8/rack/head.rb:9:in `call'
    /usr/lib/ruby/1.8/rack/methodoverride.rb:24:in `call'
    /usr/lib/ruby/vendor_ruby/action_controller/params_parser.rb:15:in `call'
    /usr/lib/ruby/vendor_ruby/action_controller/session/cookie_store.rb:99:in `call'
    /usr/lib/ruby/vendor_ruby/action_controller/failsafe.rb:26:in `call'
    /usr/lib/ruby/1.8/rack/lock.rb:11:in `call'
    /usr/lib/ruby/1.8/rack/lock.rb:11:in `synchronize'
    /usr/lib/ruby/1.8/rack/lock.rb:11:in `call'
    /usr/lib/ruby/vendor_ruby/action_controller/dispatcher.rb:114:in `call'
    /usr/lib/ruby/vendor_ruby/action_controller/reloader.rb:34:in `run'
    /usr/lib/ruby/vendor_ruby/action_controller/dispatcher.rb:108:in `call'
    /usr/lib/ruby/vendor_ruby/rails/rack/static.rb:31:in `call'
    /usr/lib/ruby/1.8/rack/urlmap.rb:47:in `call'
    /usr/lib/ruby/1.8/rack/urlmap.rb:41:in `each'
    /usr/lib/ruby/1.8/rack/urlmap.rb:41:in `call'
    /usr/lib/ruby/vendor_ruby/rails/rack/log_tailer.rb:17:in `call'
    /usr/lib/ruby/1.8/rack/content_length.rb:13:in `call'
    /usr/lib/ruby/1.8/rack/handler/webrick.rb:48:in `service'
    /usr/lib/ruby/1.8/webrick/httpserver.rb:104:in `service'
    /usr/lib/ruby/1.8/webrick/httpserver.rb:65:in `run'
    /usr/lib/ruby/1.8/webrick/server.rb:173:in `start_thread'
    /usr/lib/ruby/1.8/webrick/server.rb:162:in `start'
    /usr/lib/ruby/1.8/webrick/server.rb:162:in `start_thread'
    /usr/lib/ruby/1.8/webrick/server.rb:95:in `start'
    /usr/lib/ruby/1.8/webrick/server.rb:92:in `each'
    /usr/lib/ruby/1.8/webrick/server.rb:92:in `start'
    /usr/lib/ruby/1.8/webrick/server.rb:23:in `start'
    /usr/lib/ruby/1.8/webrick/server.rb:82:in `start'
    /usr/lib/ruby/1.8/rack/handler/webrick.rb:14:in `run'
    /var/www/Cloudinha-Lock-Manager/vendor/rails/railties/lib/commands/server.rb:111
    /usr/lib/ruby/vendor_ruby/1.8/rubygems/custom_require.rb:36:in `gem_original_require'
    /usr/lib/ruby/vendor_ruby/1.8/rubygems/custom_require.rb:36:in `require'
    ./script/server:3
/!\ FAILSAFE /!\  Tue Mar 13 17:04:55 +0000 2012
  Status: 500 Internal Server Error
  no such file to load -- sqlite3
    /usr/lib/ruby/vendor_ruby/1.8/rubygems/custom_require.rb:36:in `gem_original_require'
    /usr/lib/ruby/vendor_ruby/1.8/rubygems/custom_require.rb:36:in `require'
    /usr/lib/ruby/vendor_ruby/active_support/dependencies.rb:182:in `require'
    /usr/lib/ruby/vendor_ruby/active_support/dependencies.rb:547:in `new_constants_in'
    /usr/lib/ruby/vendor_ruby/active_support/dependencies.rb:182:in `require'
    /usr/lib/ruby/vendor_ruby/active_support/core_ext/kernel/requires.rb:7:in `require_library_or_gem'
    /usr/lib/ruby/vendor_ruby/active_support/core_ext/kernel/reporting.rb:11:in `silence_warnings'
    /usr/lib/ruby/vendor_ruby/active_support/core_ext/kernel/requires.rb:5:in `require_library_or_gem'
    /usr/lib/ruby/vendor_ruby/active_record/connection_adapters/sqlite3_adapter.rb:10:in `sqlite3_connection'
    /usr/lib/ruby/vendor_ruby/active_record/connection_adapters/abstract/connection_pool.rb:223:in `send'
    /usr/lib/ruby/vendor_ruby/active_record/connection_adapters/abstract/connection_pool.rb:223:in `new_connection'
    /usr/lib/ruby/vendor_ruby/active_record/connection_adapters/abstract/connection_pool.rb:245:in `checkout_new_connection'
    /usr/lib/ruby/vendor_ruby/active_record/connection_adapters/abstract/connection_pool.rb:188:in `checkout'
    /usr/lib/ruby/vendor_ruby/active_record/connection_adapters/abstract/connection_pool.rb:184:in `loop'
    /usr/lib/ruby/vendor_ruby/active_record/connection_adapters/abstract/connection_pool.rb:184:in `checkout'
    /usr/lib/ruby/1.8/monitor.rb:242:in `synchronize'
    /usr/lib/ruby/vendor_ruby/active_record/connection_adapters/abstract/connection_pool.rb:183:in `checkout'
    /usr/lib/ruby/vendor_ruby/active_record/connection_adapters/abstract/connection_pool.rb:98:in `connection'
    /usr/lib/ruby/vendor_ruby/active_record/connection_adapters/abstract/connection_pool.rb:326:in `retrieve_connection'
    /usr/lib/ruby/vendor_ruby/active_record/connection_adapters/abstract/connection_specification.rb:117:in `retrieve_connection'
    /usr/lib/ruby/vendor_ruby/active_record/connection_adapters/abstract/connection_specification.rb:109:in `connection'
    /usr/lib/ruby/vendor_ruby/active_record/query_cache.rb:9:in `cache'
    /usr/lib/ruby/vendor_ruby/active_record/query_cache.rb:28:in `call'
    /usr/lib/ruby/vendor_ruby/active_record/connection_adapters/abstract/connection_pool.rb:361:in `call'
    /usr/lib/ruby/vendor_ruby/action_controller/string_coercion.rb:25:in `call'
    /usr/lib/ruby/1.8/rack/head.rb:9:in `call'
    /usr/lib/ruby/1.8/rack/methodoverride.rb:24:in `call'
    /usr/lib/ruby/vendor_ruby/action_controller/params_parser.rb:15:in `call'
    /usr/lib/ruby/vendor_ruby/action_controller/session/cookie_store.rb:99:in `call'
    /usr/lib/ruby/vendor_ruby/action_controller/failsafe.rb:26:in `call'
    /usr/lib/ruby/1.8/rack/lock.rb:11:in `call'
    /usr/lib/ruby/1.8/rack/lock.rb:11:in `synchronize'
    /usr/lib/ruby/1.8/rack/lock.rb:11:in `call'
    /usr/lib/ruby/vendor_ruby/action_controller/dispatcher.rb:114:in `call'
    /usr/lib/ruby/vendor_ruby/action_controller/reloader.rb:34:in `run'
    /usr/lib/ruby/vendor_ruby/action_controller/dispatcher.rb:108:in `call'
    /usr/lib/ruby/vendor_ruby/rails/rack/static.rb:31:in `call'
    /usr/lib/ruby/1.8/rack/urlmap.rb:47:in `call'
    /usr/lib/ruby/1.8/rack/urlmap.rb:41:in `each'
    /usr/lib/ruby/1.8/rack/urlmap.rb:41:in `call'
    /usr/lib/ruby/vendor_ruby/rails/rack/log_tailer.rb:17:in `call'
    /usr/lib/ruby/1.8/rack/content_length.rb:13:in `call'
    /usr/lib/ruby/1.8/rack/handler/webrick.rb:48:in `service'
    /usr/lib/ruby/1.8/webrick/httpserver.rb:104:in `service'
    /usr/lib/ruby/1.8/webrick/httpserver.rb:65:in `run'
    /usr/lib/ruby/1.8/webrick/server.rb:173:in `start_thread'
    /usr/lib/ruby/1.8/webrick/server.rb:162:in `start'
    /usr/lib/ruby/1.8/webrick/server.rb:162:in `start_thread'
    /usr/lib/ruby/1.8/webrick/server.rb:95:in `start'
    /usr/lib/ruby/1.8/webrick/server.rb:92:in `each'
    /usr/lib/ruby/1.8/webrick/server.rb:92:in `start'
    /usr/lib/ruby/1.8/webrick/server.rb:23:in `start'
    /usr/lib/ruby/1.8/webrick/server.rb:82:in `start'
    /usr/lib/ruby/1.8/rack/handler/webrick.rb:14:in `run'
    /var/www/Cloudinha-Lock-Manager/vendor/rails/railties/lib/commands/server.rb:111
    /usr/lib/ruby/vendor_ruby/1.8/rubygems/custom_require.rb:36:in `gem_original_require'
    /usr/lib/ruby/vendor_ruby/1.8/rubygems/custom_require.rb:36:in `require'
    ./script/server:3
  [4;36;1mSQL (0.3ms)[0m   [0;1m SELECT name
 FROM sqlite_master
 WHERE type = 'table' AND NOT name = 'sqlite_sequence'
[0m
  [4;35;1mSQL (0.1ms)[0m   [0mselect sqlite_version(*)[0m
  [4;36;1mSQL (144.7ms)[0m   [0;1mCREATE TABLE "schema_migrations" ("version" varchar(255) NOT NULL) [0m
  [4;35;1mSQL (0.1ms)[0m   [0mPRAGMA index_list("schema_migrations")[0m
  [4;36;1mSQL (106.9ms)[0m   [0;1mCREATE UNIQUE INDEX "unique_schema_migrations" ON "schema_migrations" ("version")[0m
  [4;35;1mSQL (0.1ms)[0m   [0m SELECT name
 FROM sqlite_master
 WHERE type = 'table' AND NOT name = 'sqlite_sequence'
[0m
  [4;36;1mSQL (0.1ms)[0m   [0;1mSELECT version FROM schema_migrations[0m
Migrating to CreateRequests (20120127105553)
  [4;35;1mSQL (0.4ms)[0m   [0mCREATE TABLE "requests" ("id" INTEGER PRIMARY KEY AUTOINCREMENT NOT NULL, "created_at" datetime, "updated_at" datetime) [0m
  [4;36;1mSQL (0.1ms)[0m   [0;1mINSERT INTO schema_migrations (version) VALUES ('20120127105553')[0m
Migrating to CreateUsers (20120127105621)
  [4;35;1mSQL (0.4ms)[0m   [0mCREATE TABLE "users" ("id" INTEGER PRIMARY KEY AUTOINCREMENT NOT NULL, "created_at" datetime, "updated_at" datetime) [0m
  [4;36;1mSQL (0.1ms)[0m   [0;1mINSERT INTO schema_migrations (version) VALUES ('20120127105621')[0m
Migrating to CreateMachines (20120127105737)
  [4;35;1mSQL (0.4ms)[0m   [0mCREATE TABLE "machines" ("id" INTEGER PRIMARY KEY AUTOINCREMENT NOT NULL, "user" varchar(255) DEFAULT 'free' NOT NULL, "domain" varchar(255), "created_at" datetime, "updated_at" datetime) [0m
  [4;36;1mSQL (0.1ms)[0m   [0;1mINSERT INTO schema_migrations (version) VALUES ('20120127105737')[0m
Migrating to Machines (20120127142505)
  [4;35;1mSQL (0.2ms)[0m   [0mINSERT INTO schema_migrations (version) VALUES ('20120127142505')[0m
Migrating to Users (20120127142521)
  [4;36;1mSQL (0.3ms)[0m   [0;1mINSERT INTO schema_migrations (version) VALUES ('20120127142521')[0m
Migrating to Requests (20120127142536)
  [4;35;1mSQL (0.2ms)[0m   [0mINSERT INTO schema_migrations (version) VALUES ('20120127142536')[0m
Migrating to MachinesMacs (20120314110813)
  [4;36;1mSQL (0.5ms)[0m   [0;1mALTER TABLE "machines" ADD "mac" varchar(255)[0m
  [4;35;1mSQL (0.1ms)[0m   [0mINSERT INTO schema_migrations (version) VALUES ('20120314110813')[0m
  [4;36;1mSQL (0.3ms)[0m   [0;1m SELECT name
 FROM sqlite_master
 WHERE type = 'table' AND NOT name = 'sqlite_sequence'
[0m
  [4;35;1mSQL (0.2ms)[0m   [0mSELECT version FROM schema_migrations[0m
  [4;36;1mSQL (0.2ms)[0m   [0;1m SELECT name
 FROM sqlite_master
 WHERE type = 'table' AND NOT name = 'sqlite_sequence'
[0m
  [4;35;1mSQL (0.0ms)[0m   [0mPRAGMA index_list("machines")[0m
  [4;36;1mSQL (0.0ms)[0m   [0;1mPRAGMA index_list("requests")[0m
  [4;35;1mSQL (0.0ms)[0m   [0mPRAGMA index_list("users")[0m


Processing MachineController#list (for 192.168.82.131 at 2012-03-19 13:31:41) [GET]
  [4;36;1mMachine Load (0.5ms)[0m   [0;1mSELECT * FROM "machines" [0m
Rendering template within layouts/standard
Rendering machine/list
Completed in 69ms (View: 65, DB: 0) | 200 OK [http://192.168.82.123/]


Processing MachineController#format (for 192.168.82.131 at 2012-03-19 13:31:59) [GET]
  [4;35;1mMachine Load (0.4ms)[0m   [0mSELECT * FROM "machines" [0m
Rendering template within layouts/standard
Rendering machine/format
Completed in 14ms (View: 6, DB: 0) | 200 OK [http://192.168.82.123/format]


Processing MachineController#format (for 192.168.82.131 at 2012-03-19 13:32:06) [GET]
  [4;36;1mMachine Load (0.3ms)[0m   [0;1mSELECT * FROM "machines" [0m
Rendering template within layouts/standard
Rendering machine/format
Completed in 9ms (View: 2, DB: 0) | 200 OK [http://192.168.82.123/format]
